<?xml version="1.0" encoding="UTF-8"?>
<testsuite xmlns:xsi="http://www.w3.org/2001/XMLSchema-instance" xsi:noNamespaceSchemaLocation="https://maven.apache.org/surefire/maven-failsafe-plugin/xsd/failsafe-test-report-3.0.xsd" version="3.0" name="com.endava.homework.ITMultiplyTest" time="0.032" tests="22" errors="0" skipped="0" failures="0">
  <properties>
    <property name="sun.desktop" value="windows"/>
    <property name="awt.toolkit" value="sun.awt.windows.WToolkit"/>
    <property name="java.specification.version" value="11"/>
    <property name="sun.cpu.isalist" value="amd64"/>
    <property name="sun.jnu.encoding" value="Cp1252"/>
    <property name="java.class.path" value="C:\Users\edragan\IdeaProjects\mavenCalculator\target\test-classes;C:\Users\edragan\IdeaProjects\mavenCalculator\target\mavenCalculator-1.0-SNAPSHOT.jar;C:\Users\edragan\.m2\repository\commons-io\commons-io\2.11.0\commons-io-2.11.0.jar;C:\Users\edragan\.m2\repository\org\apache\commons\commons-lang3\3.12.0\commons-lang3-3.12.0.jar;C:\Users\edragan\.m2\repository\org\apache\logging\log4j\log4j-api\2.19.0\log4j-api-2.19.0.jar;C:\Users\edragan\.m2\repository\org\apache\logging\log4j\log4j-core\2.19.0\log4j-core-2.19.0.jar;C:\Users\edragan\.m2\repository\com\google\code\gson\gson\2.10\gson-2.10.jar;C:\Users\edragan\.m2\repository\com\fasterxml\jackson\core\jackson-databind\2.14.0\jackson-databind-2.14.0.jar;C:\Users\edragan\.m2\repository\com\fasterxml\jackson\core\jackson-annotations\2.14.0\jackson-annotations-2.14.0.jar;C:\Users\edragan\.m2\repository\com\fasterxml\jackson\core\jackson-core\2.14.0\jackson-core-2.14.0.jar;C:\Users\edragan\.m2\repository\commons-dbutils\commons-dbutils\1.7\commons-dbutils-1.7.jar;C:\Users\edragan\.m2\repository\com\mysql\mysql-connector-j\8.0.31\mysql-connector-j-8.0.31.jar;C:\Users\edragan\.m2\repository\com\google\protobuf\protobuf-java\3.19.4\protobuf-java-3.19.4.jar;C:\Users\edragan\.m2\repository\org\junit\jupiter\junit-jupiter-api\5.9.1\junit-jupiter-api-5.9.1.jar;C:\Users\edragan\.m2\repository\org\opentest4j\opentest4j\1.2.0\opentest4j-1.2.0.jar;C:\Users\edragan\.m2\repository\org\junit\platform\junit-platform-commons\1.9.1\junit-platform-commons-1.9.1.jar;C:\Users\edragan\.m2\repository\org\apiguardian\apiguardian-api\1.1.2\apiguardian-api-1.1.2.jar;C:\Users\edragan\.m2\repository\org\junit\platform\junit-platform-launcher\1.9.1\junit-platform-launcher-1.9.1.jar;C:\Users\edragan\.m2\repository\org\junit\platform\junit-platform-engine\1.9.1\junit-platform-engine-1.9.1.jar;C:\Users\edragan\.m2\repository\org\junit\jupiter\junit-jupiter-params\5.9.1\junit-jupiter-params-5.9.1.jar;"/>
    <property name="java.vm.vendor" value="Azul Systems, Inc."/>
    <property name="sun.arch.data.model" value="64"/>
    <property name="user.variant" value=""/>
    <property name="java.vendor.url" value="http://www.azul.com/"/>
    <property name="user.timezone" value="Europe/Athens"/>
    <property name="java.vm.specification.version" value="11"/>
    <property name="os.name" value="Windows 10"/>
    <property name="sun.java.launcher" value="SUN_STANDARD"/>
    <property name="user.country" value="US"/>
    <property name="sun.boot.library.path" value="C:\Program Files\zulu11.60.19-ca-jdk11.0.17-win_x64\zulu11.60.19-ca-jdk11.0.17-win_x64\bin"/>
    <property name="sun.java.command" value="C:\Users\edragan\AppData\Local\Temp\surefire2910290773226102101\surefirebooter-20221115142242256_3.jar C:\Users\edragan\AppData\Local\Temp\surefire2910290773226102101 2022-11-15T14-22-42_051-jvmRun1 surefire-20221115142242256_1tmp surefire_0-20221115142242256_2tmp"/>
    <property name="jdk.debug" value="release"/>
    <property name="surefire.test.class.path" value="C:\Users\edragan\IdeaProjects\mavenCalculator\target\test-classes;C:\Users\edragan\IdeaProjects\mavenCalculator\target\mavenCalculator-1.0-SNAPSHOT.jar;C:\Users\edragan\.m2\repository\commons-io\commons-io\2.11.0\commons-io-2.11.0.jar;C:\Users\edragan\.m2\repository\org\apache\commons\commons-lang3\3.12.0\commons-lang3-3.12.0.jar;C:\Users\edragan\.m2\repository\org\apache\logging\log4j\log4j-api\2.19.0\log4j-api-2.19.0.jar;C:\Users\edragan\.m2\repository\org\apache\logging\log4j\log4j-core\2.19.0\log4j-core-2.19.0.jar;C:\Users\edragan\.m2\repository\com\google\code\gson\gson\2.10\gson-2.10.jar;C:\Users\edragan\.m2\repository\com\fasterxml\jackson\core\jackson-databind\2.14.0\jackson-databind-2.14.0.jar;C:\Users\edragan\.m2\repository\com\fasterxml\jackson\core\jackson-annotations\2.14.0\jackson-annotations-2.14.0.jar;C:\Users\edragan\.m2\repository\com\fasterxml\jackson\core\jackson-core\2.14.0\jackson-core-2.14.0.jar;C:\Users\edragan\.m2\repository\commons-dbutils\commons-dbutils\1.7\commons-dbutils-1.7.jar;C:\Users\edragan\.m2\repository\com\mysql\mysql-connector-j\8.0.31\mysql-connector-j-8.0.31.jar;C:\Users\edragan\.m2\repository\com\google\protobuf\protobuf-java\3.19.4\protobuf-java-3.19.4.jar;C:\Users\edragan\.m2\repository\org\junit\jupiter\junit-jupiter-api\5.9.1\junit-jupiter-api-5.9.1.jar;C:\Users\edragan\.m2\repository\org\opentest4j\opentest4j\1.2.0\opentest4j-1.2.0.jar;C:\Users\edragan\.m2\repository\org\junit\platform\junit-platform-commons\1.9.1\junit-platform-commons-1.9.1.jar;C:\Users\edragan\.m2\repository\org\apiguardian\apiguardian-api\1.1.2\apiguardian-api-1.1.2.jar;C:\Users\edragan\.m2\repository\org\junit\platform\junit-platform-launcher\1.9.1\junit-platform-launcher-1.9.1.jar;C:\Users\edragan\.m2\repository\org\junit\platform\junit-platform-engine\1.9.1\junit-platform-engine-1.9.1.jar;C:\Users\edragan\.m2\repository\org\junit\jupiter\junit-jupiter-params\5.9.1\junit-jupiter-params-5.9.1.jar;"/>
    <property name="sun.cpu.endian" value="little"/>
    <property name="user.home" value="C:\Users\edragan"/>
    <property name="user.language" value="en"/>
    <property name="java.specification.vendor" value="Oracle Corporation"/>
    <property name="java.version.date" value="2022-10-18"/>
    <property name="java.home" value="C:\Program Files\zulu11.60.19-ca-jdk11.0.17-win_x64\zulu11.60.19-ca-jdk11.0.17-win_x64"/>
    <property name="file.separator" value="\"/>
    <property name="basedir" value="C:\Users\edragan\IdeaProjects\mavenCalculator"/>
    <property name="java.vm.compressedOopsMode" value="Zero based"/>
    <property name="line.separator" value="&#10;"/>
    <property name="java.specification.name" value="Java Platform API Specification"/>
    <property name="java.vm.specification.vendor" value="Oracle Corporation"/>
    <property name="jdk.vendor.version" value="Zulu11.60+19-CA"/>
    <property name="java.awt.graphicsenv" value="sun.awt.Win32GraphicsEnvironment"/>
    <property name="surefire.real.class.path" value="C:\Users\edragan\AppData\Local\Temp\surefire2910290773226102101\surefirebooter-20221115142242256_3.jar"/>
    <property name="user.script" value=""/>
    <property name="sun.management.compiler" value="HotSpot 64-Bit Tiered Compilers"/>
    <property name="java.runtime.version" value="11.0.17+8-LTS"/>
    <property name="user.name" value="edragan"/>
    <property name="path.separator" value=";"/>
    <property name="os.version" value="10.0"/>
    <property name="java.runtime.name" value="OpenJDK Runtime Environment"/>
    <property name="file.encoding" value="Cp1252"/>
    <property name="java.vm.name" value="OpenJDK 64-Bit Server VM"/>
    <property name="java.vendor.version" value="Zulu11.60+19-CA"/>
    <property name="localRepository" value="C:\Users\edragan\.m2\repository"/>
    <property name="java.vendor.url.bug" value="http://www.azul.com/support/"/>
    <property name="java.io.tmpdir" value="C:\Users\edragan\AppData\Local\Temp\"/>
    <property name="idea.version" value="2022.2.3"/>
    <property name="java.version" value="11.0.17"/>
    <property name="user.dir" value="C:\Users\edragan\IdeaProjects\mavenCalculator"/>
    <property name="os.arch" value="amd64"/>
    <property name="java.vm.specification.name" value="Java Virtual Machine Specification"/>
    <property name="java.awt.printerjob" value="sun.awt.windows.WPrinterJob"/>
    <property name="sun.os.patch.level" value=""/>
    <property name="java.library.path" value="C:\Program Files\zulu11.60.19-ca-jdk11.0.17-win_x64\zulu11.60.19-ca-jdk11.0.17-win_x64\bin;C:\Windows\Sun\Java\bin;C:\Windows\system32;C:\Windows;&quot;C:\Program Files\Maven\apache-maven-3.8.6\bin&quot;;&quot;C:\Program Files\Java\zulu11.60.19-ca-jdk11.0.17-win_x64\bin&quot;;C:\Windows\system32;C:\Windows;C:\Windows\System32\Wbem;C:\Windows\System32\WindowsPowerShell\v1.0\;C:\Windows\System32\OpenSSH\;C:\Program Files\dotnet\;C:\Program Files\Git\cmd;C:\Users\edragan\AppData\Local\Microsoft\WindowsApps;;."/>
    <property name="java.vm.info" value="mixed mode"/>
    <property name="java.vendor" value="Azul Systems, Inc."/>
    <property name="java.vm.version" value="11.0.17+8-LTS"/>
    <property name="sun.io.unicode.encoding" value="UnicodeLittle"/>
    <property name="java.class.version" value="55.0"/>
  </properties>
  <testcase name="shouldMultiply2orMoreDoubleOperands(double[])[1]" classname="com.endava.homework.ITMultiplyTest" time="0.002">
    <system-out><![CDATA[14:22:43.093 [main] INFO  com.endava.extensions.CustomTestExecutionListener - Starting test (test execution listener) ITMultiplyTest
14:22:43.094 [main] INFO  com.endava.extensions.CustomTestExecutionListener - Starting test (test execution listener) shouldMultiply2orMoreDoubleOperands(double[])
14:22:43.097 [main] INFO  com.endava.extensions.CustomTestExecutionListener - Starting test (test execution listener) [1] [1.1, 2.3, 3.4]
8.602
14:22:43.099 [main] INFO  com.endava.extensions.CustomTestExecutionListener - Finishing test (test execution listener) [1] [1.1, 2.3, 3.4]
]]></system-out>
  </testcase>
  <testcase name="shouldMultiply2orMoreDoubleOperands(double[])[2]" classname="com.endava.homework.ITMultiplyTest" time="0.001">
    <system-out><![CDATA[14:22:43.100 [main] INFO  com.endava.extensions.CustomTestExecutionListener - Starting test (test execution listener) [2] [1.4, 0.0, 10.7, 1.8]
0.0
14:22:43.101 [main] INFO  com.endava.extensions.CustomTestExecutionListener - Finishing test (test execution listener) [2] [1.4, 0.0, 10.7, 1.8]
]]></system-out>
  </testcase>
  <testcase name="shouldMultiply2orMoreDoubleOperands(double[])[3]" classname="com.endava.homework.ITMultiplyTest" time="0.001">
    <system-out><![CDATA[14:22:43.101 [main] INFO  com.endava.extensions.CustomTestExecutionListener - Starting test (test execution listener) [3] [10.0, 12.0, 2.0, 4.0, -7.0]
-6720.0
14:22:43.102 [main] INFO  com.endava.extensions.CustomTestExecutionListener - Finishing test (test execution listener) [3] [10.0, 12.0, 2.0, 4.0, -7.0]
]]></system-out>
  </testcase>
  <testcase name="shouldMultiplyWith0IntegerOperand" classname="com.endava.homework.ITMultiplyTest" time="0">
    <system-out><![CDATA[14:22:43.102 [main] INFO  com.endava.extensions.CustomTestExecutionListener - Finishing test (test execution listener) shouldMultiply2orMoreDoubleOperands(double[])
14:22:43.103 [main] INFO  com.endava.extensions.CustomTestExecutionListener - Starting test (test execution listener) shouldMultiplyWith0IntegerOperand()
0
14:22:43.103 [main] INFO  com.endava.extensions.CustomTestExecutionListener - Finishing test (test execution listener) shouldMultiplyWith0IntegerOperand()
]]></system-out>
  </testcase>
  <testcase name="shouldMultiplyWithNegativeIntegerOperands" classname="com.endava.homework.ITMultiplyTest" time="0">
    <system-out><![CDATA[14:22:43.104 [main] INFO  com.endava.extensions.CustomTestExecutionListener - Starting test (test execution listener) shouldMultiplyWithNegativeIntegerOperands()
-1000
14:22:43.104 [main] INFO  com.endava.extensions.CustomTestExecutionListener - Finishing test (test execution listener) shouldMultiplyWithNegativeIntegerOperands()
]]></system-out>
  </testcase>
  <testcase name="shouldMultiplyWithNegativeLongOperands" classname="com.endava.homework.ITMultiplyTest" time="0">
    <system-out><![CDATA[14:22:43.105 [main] INFO  com.endava.extensions.CustomTestExecutionListener - Starting test (test execution listener) shouldMultiplyWithNegativeLongOperands()
-10000000000
14:22:43.105 [main] INFO  com.endava.extensions.CustomTestExecutionListener - Finishing test (test execution listener) shouldMultiplyWithNegativeLongOperands()
]]></system-out>
  </testcase>
  <testcase name="shouldMultiplyBigDoubleNumbers" classname="com.endava.homework.ITMultiplyTest" time="0">
    <system-out><![CDATA[14:22:43.106 [main] INFO  com.endava.extensions.CustomTestExecutionListener - Starting test (test execution listener) shouldMultiplyBigDoubleNumbers()
7.56777567E11
14:22:43.106 [main] INFO  com.endava.extensions.CustomTestExecutionListener - Finishing test (test execution listener) shouldMultiplyBigDoubleNumbers()
]]></system-out>
  </testcase>
  <testcase name="shouldMultiplyWith1IntegerOperand" classname="com.endava.homework.ITMultiplyTest" time="0">
    <system-out><![CDATA[14:22:43.107 [main] INFO  com.endava.extensions.CustomTestExecutionListener - Starting test (test execution listener) shouldMultiplyWith1IntegerOperand()
6
14:22:43.107 [main] INFO  com.endava.extensions.CustomTestExecutionListener - Finishing test (test execution listener) shouldMultiplyWith1IntegerOperand()
]]></system-out>
  </testcase>
  <testcase name="shouldMultiply2orMoreLongOperands(long[])[1]" classname="com.endava.homework.ITMultiplyTest" time="0.001">
    <system-out><![CDATA[14:22:43.108 [main] INFO  com.endava.extensions.CustomTestExecutionListener - Starting test (test execution listener) shouldMultiply2orMoreLongOperands(long[])
14:22:43.109 [main] INFO  com.endava.extensions.CustomTestExecutionListener - Starting test (test execution listener) [1] [1, 288888, -3]
-866664
14:22:43.110 [main] INFO  com.endava.extensions.CustomTestExecutionListener - Finishing test (test execution listener) [1] [1, 288888, -3]
]]></system-out>
  </testcase>
  <testcase name="shouldMultiply2orMoreLongOperands(long[])[2]" classname="com.endava.homework.ITMultiplyTest" time="0.001">
    <system-out><![CDATA[14:22:43.110 [main] INFO  com.endava.extensions.CustomTestExecutionListener - Starting test (test execution listener) [2] [1, 0, 100000000, 1]
0
14:22:43.111 [main] INFO  com.endava.extensions.CustomTestExecutionListener - Finishing test (test execution listener) [2] [1, 0, 100000000, 1]
]]></system-out>
  </testcase>
  <testcase name="shouldMultiply2orMoreLongOperands(long[])[3]" classname="com.endava.homework.ITMultiplyTest" time="0.001">
    <system-out><![CDATA[14:22:43.111 [main] INFO  com.endava.extensions.CustomTestExecutionListener - Starting test (test execution listener) [3] [10, 12, 78888, 4, 7]
265063680
14:22:43.112 [main] INFO  com.endava.extensions.CustomTestExecutionListener - Finishing test (test execution listener) [3] [10, 12, 78888, 4, 7]
]]></system-out>
  </testcase>
  <testcase name="shouldMultiplyWith1DoubleOperand" classname="com.endava.homework.ITMultiplyTest" time="0">
    <system-out><![CDATA[14:22:43.112 [main] INFO  com.endava.extensions.CustomTestExecutionListener - Finishing test (test execution listener) shouldMultiply2orMoreLongOperands(long[])
14:22:43.112 [main] INFO  com.endava.extensions.CustomTestExecutionListener - Starting test (test execution listener) shouldMultiplyWith1DoubleOperand()
35432.1234
14:22:43.113 [main] INFO  com.endava.extensions.CustomTestExecutionListener - Finishing test (test execution listener) shouldMultiplyWith1DoubleOperand()
]]></system-out>
  </testcase>
  <testcase name="shouldMultiply2orMoreIntegerOperands(int[])[1]" classname="com.endava.homework.ITMultiplyTest" time="0.001">
    <system-out><![CDATA[14:22:43.113 [main] INFO  com.endava.extensions.CustomTestExecutionListener - Starting test (test execution listener) shouldMultiply2orMoreIntegerOperands(int[])
14:22:43.114 [main] INFO  com.endava.extensions.CustomTestExecutionListener - Starting test (test execution listener) [1] [1, 2, 3]
6
14:22:43.115 [main] INFO  com.endava.extensions.CustomTestExecutionListener - Finishing test (test execution listener) [1] [1, 2, 3]
]]></system-out>
  </testcase>
  <testcase name="shouldMultiply2orMoreIntegerOperands(int[])[2]" classname="com.endava.homework.ITMultiplyTest" time="0.001">
    <system-out><![CDATA[14:22:43.115 [main] INFO  com.endava.extensions.CustomTestExecutionListener - Starting test (test execution listener) [2] [1, 0, 10, 1]
0
14:22:43.116 [main] INFO  com.endava.extensions.CustomTestExecutionListener - Finishing test (test execution listener) [2] [1, 0, 10, 1]
]]></system-out>
  </testcase>
  <testcase name="shouldMultiply2orMoreIntegerOperands(int[])[3]" classname="com.endava.homework.ITMultiplyTest" time="0">
    <system-out><![CDATA[14:22:43.116 [main] INFO  com.endava.extensions.CustomTestExecutionListener - Starting test (test execution listener) [3] [-10, 12, 2, 4, 7]
-6720
14:22:43.117 [main] INFO  com.endava.extensions.CustomTestExecutionListener - Finishing test (test execution listener) [3] [-10, 12, 2, 4, 7]
]]></system-out>
  </testcase>
  <testcase name="shouldMultiplyWith0DoubleOperand" classname="com.endava.homework.ITMultiplyTest" time="0.001">
    <system-out><![CDATA[14:22:43.118 [main] INFO  com.endava.extensions.CustomTestExecutionListener - Finishing test (test execution listener) shouldMultiply2orMoreIntegerOperands(int[])
14:22:43.118 [main] INFO  com.endava.extensions.CustomTestExecutionListener - Starting test (test execution listener) shouldMultiplyWith0DoubleOperand()
0.0
14:22:43.119 [main] INFO  com.endava.extensions.CustomTestExecutionListener - Finishing test (test execution listener) shouldMultiplyWith0DoubleOperand()
]]></system-out>
  </testcase>
  <testcase name="shouldMultiplyWith0LongOperand" classname="com.endava.homework.ITMultiplyTest" time="0">
    <system-out><![CDATA[14:22:43.120 [main] INFO  com.endava.extensions.CustomTestExecutionListener - Starting test (test execution listener) shouldMultiplyWith0LongOperand()
0
14:22:43.120 [main] INFO  com.endava.extensions.CustomTestExecutionListener - Finishing test (test execution listener) shouldMultiplyWith0LongOperand()
]]></system-out>
  </testcase>
  <testcase name="shouldMultiplyNoOperand" classname="com.endava.homework.ITMultiplyTest" time="0.001">
    <system-out><![CDATA[14:22:43.120 [main] INFO  com.endava.extensions.CustomTestExecutionListener - Starting test (test execution listener) shouldMultiplyNoOperand()
1
14:22:43.121 [main] INFO  com.endava.extensions.CustomTestExecutionListener - Finishing test (test execution listener) shouldMultiplyNoOperand()
]]></system-out>
  </testcase>
  <testcase name="shouldMultiplyWith1LongOperand" classname="com.endava.homework.ITMultiplyTest" time="0">
    <system-out><![CDATA[14:22:43.121 [main] INFO  com.endava.extensions.CustomTestExecutionListener - Starting test (test execution listener) shouldMultiplyWith1LongOperand()
9223372036854775807
14:22:43.121 [main] INFO  com.endava.extensions.CustomTestExecutionListener - Finishing test (test execution listener) shouldMultiplyWith1LongOperand()
]]></system-out>
  </testcase>
  <testcase name="shouldMultiplyWithNegativeDoubleOperands" classname="com.endava.homework.ITMultiplyTest" time="0">
    <system-out><![CDATA[14:22:43.122 [main] INFO  com.endava.extensions.CustomTestExecutionListener - Starting test (test execution listener) shouldMultiplyWithNegativeDoubleOperands()
-104375.0
14:22:43.122 [main] INFO  com.endava.extensions.CustomTestExecutionListener - Finishing test (test execution listener) shouldMultiplyWithNegativeDoubleOperands()
]]></system-out>
  </testcase>
  <testcase name="shouldMultiplyBigLongNumbers" classname="com.endava.homework.ITMultiplyTest" time="0">
    <system-out><![CDATA[14:22:43.123 [main] INFO  com.endava.extensions.CustomTestExecutionListener - Starting test (test execution listener) shouldMultiplyBigLongNumbers()
100000000000000
14:22:43.123 [main] INFO  com.endava.extensions.CustomTestExecutionListener - Finishing test (test execution listener) shouldMultiplyBigLongNumbers()
]]></system-out>
  </testcase>
  <testcase name="shouldMultiplyBigIntegerNumbers" classname="com.endava.homework.ITMultiplyTest" time="0.001">
    <system-out><![CDATA[14:22:43.124 [main] INFO  com.endava.extensions.CustomTestExecutionListener - Starting test (test execution listener) shouldMultiplyBigIntegerNumbers()
4294967294
14:22:43.125 [main] INFO  com.endava.extensions.CustomTestExecutionListener - Finishing test (test execution listener) shouldMultiplyBigIntegerNumbers()
]]></system-out>
  </testcase>
</testsuite>