<?xml version="1.0" encoding="UTF-8"?>
<testsuite xmlns:xsi="http://www.w3.org/2001/XMLSchema-instance" xsi:noNamespaceSchemaLocation="https://maven.apache.org/surefire/maven-failsafe-plugin/xsd/failsafe-test-report-3.0.xsd" version="3.0" name="com.endava.homework.ITFactorialTest" time="0.083" tests="6" errors="0" skipped="0" failures="0">
  <properties>
    <property name="sun.desktop" value="windows"/>
    <property name="awt.toolkit" value="sun.awt.windows.WToolkit"/>
    <property name="java.specification.version" value="11"/>
    <property name="sun.cpu.isalist" value="amd64"/>
    <property name="sun.jnu.encoding" value="Cp1252"/>
    <property name="java.class.path" value="C:\Users\edragan\IdeaProjects\mavenCalculator\target\test-classes;C:\Users\edragan\IdeaProjects\mavenCalculator\target\mavenCalculator-1.0-SNAPSHOT.jar;C:\Users\edragan\.m2\repository\commons-io\commons-io\2.11.0\commons-io-2.11.0.jar;C:\Users\edragan\.m2\repository\org\apache\commons\commons-lang3\3.12.0\commons-lang3-3.12.0.jar;C:\Users\edragan\.m2\repository\org\apache\logging\log4j\log4j-api\2.19.0\log4j-api-2.19.0.jar;C:\Users\edragan\.m2\repository\org\apache\logging\log4j\log4j-core\2.19.0\log4j-core-2.19.0.jar;C:\Users\edragan\.m2\repository\com\google\code\gson\gson\2.10\gson-2.10.jar;C:\Users\edragan\.m2\repository\com\fasterxml\jackson\core\jackson-databind\2.14.0\jackson-databind-2.14.0.jar;C:\Users\edragan\.m2\repository\com\fasterxml\jackson\core\jackson-annotations\2.14.0\jackson-annotations-2.14.0.jar;C:\Users\edragan\.m2\repository\com\fasterxml\jackson\core\jackson-core\2.14.0\jackson-core-2.14.0.jar;C:\Users\edragan\.m2\repository\commons-dbutils\commons-dbutils\1.7\commons-dbutils-1.7.jar;C:\Users\edragan\.m2\repository\com\mysql\mysql-connector-j\8.0.31\mysql-connector-j-8.0.31.jar;C:\Users\edragan\.m2\repository\com\google\protobuf\protobuf-java\3.19.4\protobuf-java-3.19.4.jar;C:\Users\edragan\.m2\repository\org\junit\jupiter\junit-jupiter-api\5.9.1\junit-jupiter-api-5.9.1.jar;C:\Users\edragan\.m2\repository\org\opentest4j\opentest4j\1.2.0\opentest4j-1.2.0.jar;C:\Users\edragan\.m2\repository\org\junit\platform\junit-platform-commons\1.9.1\junit-platform-commons-1.9.1.jar;C:\Users\edragan\.m2\repository\org\apiguardian\apiguardian-api\1.1.2\apiguardian-api-1.1.2.jar;C:\Users\edragan\.m2\repository\org\junit\platform\junit-platform-launcher\1.9.1\junit-platform-launcher-1.9.1.jar;C:\Users\edragan\.m2\repository\org\junit\platform\junit-platform-engine\1.9.1\junit-platform-engine-1.9.1.jar;C:\Users\edragan\.m2\repository\org\junit\jupiter\junit-jupiter-params\5.9.1\junit-jupiter-params-5.9.1.jar;"/>
    <property name="java.vm.vendor" value="Azul Systems, Inc."/>
    <property name="sun.arch.data.model" value="64"/>
    <property name="user.variant" value=""/>
    <property name="java.vendor.url" value="http://www.azul.com/"/>
    <property name="user.timezone" value="Europe/Athens"/>
    <property name="java.vm.specification.version" value="11"/>
    <property name="os.name" value="Windows 10"/>
    <property name="sun.java.launcher" value="SUN_STANDARD"/>
    <property name="user.country" value="US"/>
    <property name="sun.boot.library.path" value="C:\Program Files\zulu11.60.19-ca-jdk11.0.17-win_x64\zulu11.60.19-ca-jdk11.0.17-win_x64\bin"/>
    <property name="sun.java.command" value="C:\Users\edragan\AppData\Local\Temp\surefire2910290773226102101\surefirebooter-20221115142242256_3.jar C:\Users\edragan\AppData\Local\Temp\surefire2910290773226102101 2022-11-15T14-22-42_051-jvmRun1 surefire-20221115142242256_1tmp surefire_0-20221115142242256_2tmp"/>
    <property name="jdk.debug" value="release"/>
    <property name="surefire.test.class.path" value="C:\Users\edragan\IdeaProjects\mavenCalculator\target\test-classes;C:\Users\edragan\IdeaProjects\mavenCalculator\target\mavenCalculator-1.0-SNAPSHOT.jar;C:\Users\edragan\.m2\repository\commons-io\commons-io\2.11.0\commons-io-2.11.0.jar;C:\Users\edragan\.m2\repository\org\apache\commons\commons-lang3\3.12.0\commons-lang3-3.12.0.jar;C:\Users\edragan\.m2\repository\org\apache\logging\log4j\log4j-api\2.19.0\log4j-api-2.19.0.jar;C:\Users\edragan\.m2\repository\org\apache\logging\log4j\log4j-core\2.19.0\log4j-core-2.19.0.jar;C:\Users\edragan\.m2\repository\com\google\code\gson\gson\2.10\gson-2.10.jar;C:\Users\edragan\.m2\repository\com\fasterxml\jackson\core\jackson-databind\2.14.0\jackson-databind-2.14.0.jar;C:\Users\edragan\.m2\repository\com\fasterxml\jackson\core\jackson-annotations\2.14.0\jackson-annotations-2.14.0.jar;C:\Users\edragan\.m2\repository\com\fasterxml\jackson\core\jackson-core\2.14.0\jackson-core-2.14.0.jar;C:\Users\edragan\.m2\repository\commons-dbutils\commons-dbutils\1.7\commons-dbutils-1.7.jar;C:\Users\edragan\.m2\repository\com\mysql\mysql-connector-j\8.0.31\mysql-connector-j-8.0.31.jar;C:\Users\edragan\.m2\repository\com\google\protobuf\protobuf-java\3.19.4\protobuf-java-3.19.4.jar;C:\Users\edragan\.m2\repository\org\junit\jupiter\junit-jupiter-api\5.9.1\junit-jupiter-api-5.9.1.jar;C:\Users\edragan\.m2\repository\org\opentest4j\opentest4j\1.2.0\opentest4j-1.2.0.jar;C:\Users\edragan\.m2\repository\org\junit\platform\junit-platform-commons\1.9.1\junit-platform-commons-1.9.1.jar;C:\Users\edragan\.m2\repository\org\apiguardian\apiguardian-api\1.1.2\apiguardian-api-1.1.2.jar;C:\Users\edragan\.m2\repository\org\junit\platform\junit-platform-launcher\1.9.1\junit-platform-launcher-1.9.1.jar;C:\Users\edragan\.m2\repository\org\junit\platform\junit-platform-engine\1.9.1\junit-platform-engine-1.9.1.jar;C:\Users\edragan\.m2\repository\org\junit\jupiter\junit-jupiter-params\5.9.1\junit-jupiter-params-5.9.1.jar;"/>
    <property name="sun.cpu.endian" value="little"/>
    <property name="user.home" value="C:\Users\edragan"/>
    <property name="user.language" value="en"/>
    <property name="java.specification.vendor" value="Oracle Corporation"/>
    <property name="java.version.date" value="2022-10-18"/>
    <property name="java.home" value="C:\Program Files\zulu11.60.19-ca-jdk11.0.17-win_x64\zulu11.60.19-ca-jdk11.0.17-win_x64"/>
    <property name="file.separator" value="\"/>
    <property name="basedir" value="C:\Users\edragan\IdeaProjects\mavenCalculator"/>
    <property name="java.vm.compressedOopsMode" value="Zero based"/>
    <property name="line.separator" value="&#10;"/>
    <property name="java.specification.name" value="Java Platform API Specification"/>
    <property name="java.vm.specification.vendor" value="Oracle Corporation"/>
    <property name="jdk.vendor.version" value="Zulu11.60+19-CA"/>
    <property name="java.awt.graphicsenv" value="sun.awt.Win32GraphicsEnvironment"/>
    <property name="surefire.real.class.path" value="C:\Users\edragan\AppData\Local\Temp\surefire2910290773226102101\surefirebooter-20221115142242256_3.jar"/>
    <property name="user.script" value=""/>
    <property name="sun.management.compiler" value="HotSpot 64-Bit Tiered Compilers"/>
    <property name="java.runtime.version" value="11.0.17+8-LTS"/>
    <property name="user.name" value="edragan"/>
    <property name="path.separator" value=";"/>
    <property name="os.version" value="10.0"/>
    <property name="java.runtime.name" value="OpenJDK Runtime Environment"/>
    <property name="file.encoding" value="Cp1252"/>
    <property name="java.vm.name" value="OpenJDK 64-Bit Server VM"/>
    <property name="java.vendor.version" value="Zulu11.60+19-CA"/>
    <property name="localRepository" value="C:\Users\edragan\.m2\repository"/>
    <property name="java.vendor.url.bug" value="http://www.azul.com/support/"/>
    <property name="java.io.tmpdir" value="C:\Users\edragan\AppData\Local\Temp\"/>
    <property name="idea.version" value="2022.2.3"/>
    <property name="java.version" value="11.0.17"/>
    <property name="user.dir" value="C:\Users\edragan\IdeaProjects\mavenCalculator"/>
    <property name="os.arch" value="amd64"/>
    <property name="java.vm.specification.name" value="Java Virtual Machine Specification"/>
    <property name="java.awt.printerjob" value="sun.awt.windows.WPrinterJob"/>
    <property name="sun.os.patch.level" value=""/>
    <property name="java.library.path" value="C:\Program Files\zulu11.60.19-ca-jdk11.0.17-win_x64\zulu11.60.19-ca-jdk11.0.17-win_x64\bin;C:\Windows\Sun\Java\bin;C:\Windows\system32;C:\Windows;&quot;C:\Program Files\Maven\apache-maven-3.8.6\bin&quot;;&quot;C:\Program Files\Java\zulu11.60.19-ca-jdk11.0.17-win_x64\bin&quot;;C:\Windows\system32;C:\Windows;C:\Windows\System32\Wbem;C:\Windows\System32\WindowsPowerShell\v1.0\;C:\Windows\System32\OpenSSH\;C:\Program Files\dotnet\;C:\Program Files\Git\cmd;C:\Users\edragan\AppData\Local\Microsoft\WindowsApps;;."/>
    <property name="java.vm.info" value="mixed mode"/>
    <property name="java.vendor" value="Azul Systems, Inc."/>
    <property name="java.vm.version" value="11.0.17+8-LTS"/>
    <property name="sun.io.unicode.encoding" value="UnicodeLittle"/>
    <property name="java.class.version" value="55.0"/>
  </properties>
  <testcase name="shouldCalculate1factorial" classname="com.endava.homework.ITFactorialTest" time="0.014">
    <system-out><![CDATA[14:22:42.993 [main] INFO  com.endava.extensions.CustomTestExecutionListener - Starting test (test execution listener) JUnit Jupiter
14:22:43.007 [main] INFO  com.endava.extensions.CustomTestExecutionListener - Starting test (test execution listener) ITFactorialTest
Before All Tests
14:22:43.023 [main] INFO  com.endava.extensions.CustomTestExecutionListener - Starting test (test execution listener) shouldCalculate1factorial()

Before each
1
After each

14:22:43.037 [main] INFO  com.endava.extensions.CustomTestExecutionListener - Finishing test (test execution listener) shouldCalculate1factorial()
]]></system-out>
  </testcase>
  <testcase name="calculateFactorialFromNumberBiggerThan1(int)[1]" classname="com.endava.homework.ITFactorialTest" time="0.013">
    <system-out><![CDATA[14:22:43.040 [main] INFO  com.endava.extensions.CustomTestExecutionListener - Starting test (test execution listener) calculateFactorialFromNumberBiggerThan1(int)
14:22:43.065 [main] INFO  com.endava.extensions.CustomTestExecutionListener - Starting test (test execution listener) [1] 4

Before each
24
After each

14:22:43.078 [main] INFO  com.endava.extensions.CustomTestExecutionListener - Finishing test (test execution listener) [1] 4
]]></system-out>
  </testcase>
  <testcase name="calculateFactorialFromNumberBiggerThan1(int)[2]" classname="com.endava.homework.ITFactorialTest" time="0.001">
    <system-out><![CDATA[14:22:43.082 [main] INFO  com.endava.extensions.CustomTestExecutionListener - Starting test (test execution listener) [2] 10

Before each
3628800
After each

14:22:43.083 [main] INFO  com.endava.extensions.CustomTestExecutionListener - Finishing test (test execution listener) [2] 10
]]></system-out>
  </testcase>
  <testcase name="calculateFactorialFromNumberBiggerThan1(int)[3]" classname="com.endava.homework.ITFactorialTest" time="0.001">
    <system-out><![CDATA[14:22:43.084 [main] INFO  com.endava.extensions.CustomTestExecutionListener - Starting test (test execution listener) [3] 20

Before each
2432902008176640000
After each

14:22:43.085 [main] INFO  com.endava.extensions.CustomTestExecutionListener - Finishing test (test execution listener) [3] 20
]]></system-out>
  </testcase>
  <testcase name="shouldCalculate0factorial" classname="com.endava.homework.ITFactorialTest" time="0.001">
    <system-out><![CDATA[14:22:43.085 [main] INFO  com.endava.extensions.CustomTestExecutionListener - Finishing test (test execution listener) calculateFactorialFromNumberBiggerThan1(int)
14:22:43.086 [main] INFO  com.endava.extensions.CustomTestExecutionListener - Starting test (test execution listener) shouldCalculate0factorial()

Before each
1
After each

14:22:43.086 [main] INFO  com.endava.extensions.CustomTestExecutionListener - Finishing test (test execution listener) shouldCalculate0factorial()
]]></system-out>
  </testcase>
  <testcase name="calculateFactorialFromNegative" classname="com.endava.homework.ITFactorialTest" time="0.001">
    <system-out><![CDATA[14:22:43.087 [main] INFO  com.endava.extensions.CustomTestExecutionListener - Starting test (test execution listener) calculateFactorialFromNegative()

Before each
0
After each

14:22:43.088 [main] INFO  com.endava.extensions.CustomTestExecutionListener - Finishing test (test execution listener) calculateFactorialFromNegative()
]]></system-out>
  </testcase>
</testsuite>